2014-03-16 20:07:34,382 WARN [    main] com.hp.hpl.jena.rdf.model.impl.RDFDefaultErrorHandler.warning(RDFDefaultErrorHandler.java:36) : (line 24516 column 57): {W131} String not in Unicode Normal Form C: "Ȟait́ai"
2014-03-16 20:07:34,755 WARN [    main] com.hp.hpl.jena.rdf.model.impl.RDFDefaultErrorHandler.warning(RDFDefaultErrorHandler.java:36) : (line 54373 column 73): {W131} String not in Unicode Normal Form C: "Ṣaf̣t al-Ḥinnah (Egypt)"
2014-03-16 20:07:34,991 WARN [    main] com.hp.hpl.jena.rdf.model.impl.RDFDefaultErrorHandler.warning(RDFDefaultErrorHandler.java:36) : (line 75888 column 81): {W131} String not in Unicode Normal Form C: "R̥ṣyaśr̥ṅga (Hindu mythology)"
2014-03-16 20:07:35,309 WARN [    main] com.hp.hpl.jena.rdf.model.impl.RDFDefaultErrorHandler.warning(RDFDefaultErrorHandler.java:36) : (line 106473 column 61): {W131} String not in Unicode Normal Form C: "Khrư̄angsāi"
2014-03-16 20:07:35,428 WARN [    main] com.hp.hpl.jena.rdf.model.impl.RDFDefaultErrorHandler.warning(RDFDefaultErrorHandler.java:36) : (line 116593 column 65): {W131} String not in Unicode Normal Form C: "Pān̆ḍe family"
2014-03-16 20:07:36,338 WARN [    main] com.hp.hpl.jena.rdf.model.impl.RDFDefaultErrorHandler.warning(RDFDefaultErrorHandler.java:36) : (line 204606 column 71): {W131} String not in Unicode Normal Form C: "Sarope C̦ayı (Turkey)"
2014-03-16 20:07:36,357 WARN [    main] com.hp.hpl.jena.rdf.model.impl.RDFDefaultErrorHandler.warning(RDFDefaultErrorHandler.java:36) : (line 206673 column 74): {W131} String not in Unicode Normal Form C: "Uwajima Kaid̄o (Japan)"
2014-03-16 20:07:36,460 WARN [    main] com.hp.hpl.jena.rdf.model.impl.RDFDefaultErrorHandler.warning(RDFDefaultErrorHandler.java:36) : (line 217384 column 70): {W131} String not in Unicode Normal Form C: "Prakr̥ti (Sankhya)"
2014-03-16 20:07:36,601 WARN [    main] com.hp.hpl.jena.rdf.model.impl.RDFDefaultErrorHandler.warning(RDFDefaultErrorHandler.java:36) : (line 230905 column 74): {W131} String not in Unicode Normal Form C: "Wādī ash Shāt̨iʾ (Libya)"
2014-03-16 20:07:36,862 WARN [    main] com.hp.hpl.jena.rdf.model.impl.RDFDefaultErrorHandler.warning(RDFDefaultErrorHandler.java:36) : (line 260076 column 59): {W131} String not in Unicode Normal Form C: "Suban̈ans"
2014-03-16 20:07:37,325 WARN [    main] com.hp.hpl.jena.rdf.model.impl.RDFDefaultErrorHandler.warning(RDFDefaultErrorHandler.java:36) : (line 308578 column 84): {W131} String not in Unicode Normal Form C: "Đá̆c Tô (Vietnam), Battle of, 1967"
2014-03-16 20:07:37,325 WARN [    main] com.hp.hpl.jena.rdf.model.impl.RDFDefaultErrorHandler.warning(RDFDefaultErrorHandler.java:36) : (line 308582 column 87): {W131} String not in Unicode Normal Form C: "Hue, Battle of, Hué̂, Vietnam, 1968"
2014-03-16 20:07:37,326 WARN [    main] com.hp.hpl.jena.rdf.model.impl.RDFDefaultErrorHandler.warning(RDFDefaultErrorHandler.java:36) : (line 308583 column 81): {W131} String not in Unicode Normal Form C: "Hué̂ (Vietnam), Battle of, 1968"
2014-03-16 20:07:37,516 WARN [    main] com.hp.hpl.jena.rdf.model.impl.RDFDefaultErrorHandler.warning(RDFDefaultErrorHandler.java:36) : (line 330191 column 68): {W131} String not in Unicode Normal Form C: "House of Braganc̦a"
2014-03-16 20:07:37,605 WARN [    main] com.hp.hpl.jena.rdf.model.impl.RDFDefaultErrorHandler.warning(RDFDefaultErrorHandler.java:36) : (line 339715 column 77): {W131} String not in Unicode Normal Form C: "Sraos̆a (Zoroastrian deity)"
2014-03-16 20:07:37,694 WARN [    main] com.hp.hpl.jena.rdf.model.impl.RDFDefaultErrorHandler.warning(RDFDefaultErrorHandler.java:36) : (line 345528 column 87): {W131} String not in Unicode Normal Form C: "Dwór w Rdzawie (Novy Sac̨z, Poland)"
2014-03-16 20:07:37,695 WARN [    main] com.hp.hpl.jena.rdf.model.impl.RDFDefaultErrorHandler.warning(RDFDefaultErrorHandler.java:36) : (line 345529 column 84): {W131} String not in Unicode Normal Form C: "Rdzawie Manor (Novy Sac̨z, Poland)"
2014-03-16 20:07:37,707 WARN [    main] com.hp.hpl.jena.rdf.model.impl.RDFDefaultErrorHandler.warning(RDFDefaultErrorHandler.java:36) : (line 346700 column 75): {W131} String not in Unicode Normal Form C: "Kokor̄in (Czech Republic)"
2014-03-16 20:07:37,708 WARN [    main] com.hp.hpl.jena.rdf.model.impl.RDFDefaultErrorHandler.warning(RDFDefaultErrorHandler.java:36) : (line 346701 column 75): {W131} String not in Unicode Normal Form C: "Kokor̄in (Czechoslovakia)"
2014-03-16 20:07:37,927 WARN [    main] com.hp.hpl.jena.rdf.model.impl.RDFDefaultErrorHandler.warning(RDFDefaultErrorHandler.java:36) : (line 369046 column 67): {W131} String not in Unicode Normal Form C: "Hò̂ Tây (Vietnam)"
2014-03-16 20:07:37,928 WARN [    main] com.hp.hpl.jena.rdf.model.impl.RDFDefaultErrorHandler.warning(RDFDefaultErrorHandler.java:36) : (line 369047 column 74): {W131} String not in Unicode Normal Form C: "Tây Hò̂ (Vietnam : Lake)"
2014-03-16 20:07:38,472 WARN [    main] com.hp.hpl.jena.rdf.model.impl.RDFDefaultErrorHandler.warning(RDFDefaultErrorHandler.java:36) : (line 420740 column 80): {W131} String not in Unicode Normal Form C: "Kǣng Sư̄a Ten Dam (Thailand)"
2014-03-16 20:07:38,473 WARN [    main] com.hp.hpl.jena.rdf.model.impl.RDFDefaultErrorHandler.warning(RDFDefaultErrorHandler.java:36) : (line 420741 column 81): {W131} String not in Unicode Normal Form C: "Khư̄an Kǣng Sư̄a Ten (Thailand)"
2014-03-16 20:07:38,704 WARN [    main] com.hp.hpl.jena.rdf.model.impl.RDFDefaultErrorHandler.warning(RDFDefaultErrorHandler.java:36) : (line 439648 column 85): {W131} String not in Unicode Normal Form C: "Prāsāt Mư̄ang Tam Site (Thailand)"
2014-03-16 20:07:39,275 WARN [    main] com.hp.hpl.jena.rdf.model.impl.RDFDefaultErrorHandler.warning(RDFDefaultErrorHandler.java:36) : (line 500510 column 65): {W131} String not in Unicode Normal Form C: "Šk̦ēle family"
2014-03-16 20:07:39,685 WARN [    main] com.hp.hpl.jena.rdf.model.impl.RDFDefaultErrorHandler.warning(RDFDefaultErrorHandler.java:36) : (line 545488 column 104): {W131} String not in Unicode Normal Form C: "Plac̦a de Catalunya (San Juan Sacatepéquez, Guatemala)"
2014-03-16 20:07:39,871 WARN [    main] com.hp.hpl.jena.rdf.model.impl.RDFDefaultErrorHandler.warning(RDFDefaultErrorHandler.java:36) : (line 567063 column 87): {W131} String not in Unicode Normal Form C: "Helodranon' Antsiran̈ana (Madagascar)"
2014-03-16 20:07:39,894 WARN [    main] com.hp.hpl.jena.rdf.model.impl.RDFDefaultErrorHandler.warning(RDFDefaultErrorHandler.java:36) : (line 569147 column 85): {W131} String not in Unicode Normal Form C: "Nguyẽ̂n dynasty, Vietnam, 1802-1945"
2014-03-16 20:07:40,162 WARN [    main] com.hp.hpl.jena.rdf.model.impl.RDFDefaultErrorHandler.warning(RDFDefaultErrorHandler.java:36) : (line 594249 column 63): {W131} String not in Unicode Normal Form C: "Múa ró̂i nước"
2014-03-16 20:07:40,270 WARN [    main] com.hp.hpl.jena.rdf.model.impl.RDFDefaultErrorHandler.warning(RDFDefaultErrorHandler.java:36) : (line 606076 column 96): {W131} String not in Unicode Normal Form C: "Khu bảo tò̂n thiên nhiên Mường Nhé (Vietnam)"
2014-03-16 20:07:40,361 WARN [    main] com.hp.hpl.jena.rdf.model.impl.RDFDefaultErrorHandler.warning(RDFDefaultErrorHandler.java:36) : (line 616032 column 66): {W131} String not in Unicode Normal Form C: "Njun̦aṛ dialects"
2014-03-16 20:07:41,296 WARN [    main] com.hp.hpl.jena.rdf.model.impl.RDFDefaultErrorHandler.warning(RDFDefaultErrorHandler.java:36) : (line 700363 column 89): {W131} String not in Unicode Normal Form C: "Mazā g̓ilde (Rīga, Latvia : Building)"
2014-03-16 20:07:41,325 WARN [    main] com.hp.hpl.jena.rdf.model.impl.RDFDefaultErrorHandler.warning(RDFDefaultErrorHandler.java:36) : (line 702731 column 101): {W131} String not in Unicode Normal Form C: "Ḥaram-i Muṭahhar-i Ḥaz̤rat-i Maʻṣūmah (Qum, Iran)"
2014-03-16 20:07:41,363 WARN [    main] com.hp.hpl.jena.rdf.model.impl.RDFDefaultErrorHandler.warning(RDFDefaultErrorHandler.java:36) : (line 706236 column 64): {W131} String not in Unicode Normal Form C: "In̄goma (Drum)"
2014-03-16 20:07:41,415 WARN [    main] com.hp.hpl.jena.rdf.model.impl.RDFDefaultErrorHandler.warning(RDFDefaultErrorHandler.java:36) : (line 710671 column 69): {W131} String not in Unicode Normal Form C: "Teres̆c̆enko family"
